STATUS     at 2018-05-29 16:24:57,177: Generating MCNP run tape...
WARNING    at 2018-05-29 16:24:57,748: material        5 is not used in the problem.
WARNING    at 2018-05-29 16:24:57,748: material        6 is not used in the problem.
WARNING    at 2018-05-29 16:24:57,749: material        7 is not used in the problem.
WARNING    at 2018-05-29 16:24:57,749: material        8 is not used in the problem.
INFO       at 2018-05-29 16:24:57,749: 6 surfaces were deleted for being the same as others.
INFO       at 2018-05-29 16:24:57,749: using random number generator  1, initial seed = 19073486328125
WARNING    at 2018-05-29 16:24:57,999: material        1 has been set to a conductor.
WARNING    at 2018-05-29 16:24:57,999: material        2 has been set to a conductor.
STATUS     at 2018-05-29 16:24:58,465:             ...finished generating MCNP run tape in 1.3 seconds
STATUS     at 2018-05-29 16:24:58,559: Loading material compositions...
STATUS     at 2018-05-29 16:24:58,559:             ...finished loading material compositions
INFO       at 2018-05-29 16:24:58,561: Reading ANISN library info from '/home/mjcb/opt/advantg/mgxs/bplus.info'
STATUS     at 2018-05-29 16:24:58,567: Reading ZAID map file...
STATUS     at 2018-05-29 16:24:58,572:             ...finished reading ZAID map file
STATUS     at 2018-05-29 16:24:58,572: Mixing multigroup cross sections...
STATUS     at 2018-05-29 16:24:59,149:             ...finished mixing multigroup cross sections
STATUS     at 2018-05-29 16:24:59,205: Creating mesh...
INFO       at 2018-05-29 16:24:59,205: Creating mesh with 332,500 voxels and 96 * 71 * 51 vertices
STATUS     at 2018-05-29 16:24:59,205:             ...finished creating mesh
STATUS     at 2018-05-29 16:24:59,205: Mapping MCNP materials onto mesh...
INFO       at 2018-05-29 16:25:09,680: Mapped MCNP cells onto 332500 mesh cells using 298000 rays
INFO       at 2018-05-29 16:25:09,712: Mixed 5 pure materials into 1023 total materials
STATUS     at 2018-05-29 16:25:10,045:             ...finished mapping MCNP materials onto mesh in 10.8 seconds
STATUS     at 2018-05-29 16:25:10,046: Mapping MCNP sources to onto mesh and groups...
INFO       at 2018-05-29 16:25:11,159: Sampled the source 1000000 times
INFO       at 2018-05-29 16:25:11,160: Average number of source samples per voxel: 6944.44
STATUS     at 2018-05-29 16:25:11,161:             ...finished mapping MCNP sources to onto mesh and groups in 1.1 seconds
STATUS     at 2018-05-29 16:25:11,161: Generating Denovo input files...
INFO       at 2018-05-29 16:25:11,233: Restricted group range to [47,66] due to problem mode
INFO       at 2018-05-29 16:25:11,234: Restricted group range to [53,66] due to highest nonzero forward source group
STATUS     at 2018-05-29 16:25:11,234: Writing GIP library...
STATUS     at 2018-05-29 16:25:11,576:             ...finished writing GIP library
STATUS     at 2018-05-29 16:25:11,688:             ...finished generating Denovo input files
STATUS     at 2018-05-29 16:25:11,688: Executing Denovo...
INFO       at 2018-05-29 16:25:16,206: Executing Denovo version 5.4
INFO       at 2018-05-29 16:25:16,870: Loaded cross section library with 5 pure materials
INFO       at 2018-05-29 16:25:17,485: Solving for (332500 cells)*(1 discretization point)*(4736 angles)*(14 groups) =~ 2.2e+10 total unknowns on 24 processors
INFO       at 2018-05-29 16:25:17,485: Solution vector has about (332500 cells)*(1 discretization point)*(36 moments)*(14 groups) =~ 1.7e+08 elements
INFO       at 2018-05-29 16:27:20,945: Belos Block GMRES converged after 2 iterations.
INFO       at 2018-05-29 16:27:20,945: Forward group  53 finished in    2 Belos Block GMRES iterations.
INFO       at 2018-05-29 16:29:29,266: Belos Block GMRES converged after 2 iterations.
INFO       at 2018-05-29 16:29:29,267: Forward group  54 finished in    2 Belos Block GMRES iterations.
INFO       at 2018-05-29 16:31:37,767: Belos Block GMRES converged after 2 iterations.
INFO       at 2018-05-29 16:31:37,768: Forward group  55 finished in    2 Belos Block GMRES iterations.
INFO       at 2018-05-29 16:33:46,264: Belos Block GMRES converged after 2 iterations.
INFO       at 2018-05-29 16:33:46,265: Forward group  56 finished in    2 Belos Block GMRES iterations.
INFO       at 2018-05-29 16:35:54,812: Belos Block GMRES converged after 2 iterations.
INFO       at 2018-05-29 16:35:54,813: Forward group  57 finished in    2 Belos Block GMRES iterations.
INFO       at 2018-05-29 16:38:03,260: Belos Block GMRES converged after 2 iterations.
INFO       at 2018-05-29 16:38:03,261: Forward group  58 finished in    2 Belos Block GMRES iterations.
INFO       at 2018-05-29 16:40:12,095: Belos Block GMRES converged after 2 iterations.
INFO       at 2018-05-29 16:40:12,095: Forward group  59 finished in    2 Belos Block GMRES iterations.
INFO       at 2018-05-29 16:42:20,642: Belos Block GMRES converged after 2 iterations.
INFO       at 2018-05-29 16:42:20,643: Forward group  60 finished in    2 Belos Block GMRES iterations.
INFO       at 2018-05-29 16:44:29,189: Belos Block GMRES converged after 2 iterations.
INFO       at 2018-05-29 16:44:29,190: Forward group  61 finished in    2 Belos Block GMRES iterations.
INFO       at 2018-05-29 16:46:37,737: Belos Block GMRES converged after 2 iterations.
INFO       at 2018-05-29 16:46:37,737: Forward group  62 finished in    2 Belos Block GMRES iterations.
INFO       at 2018-05-29 16:48:46,578: Belos Block GMRES converged after 2 iterations.
INFO       at 2018-05-29 16:48:46,579: Forward group  63 finished in    2 Belos Block GMRES iterations.
INFO       at 2018-05-29 16:50:55,412: Belos Block GMRES converged after 2 iterations.
INFO       at 2018-05-29 16:50:55,413: Forward group  64 finished in    2 Belos Block GMRES iterations.
INFO       at 2018-05-29 16:52:32,388: Belos Block GMRES converged after 1 iterations.
INFO       at 2018-05-29 16:52:32,389: Forward group  65 finished in    1 Belos Block GMRES iterations.
INFO       at 2018-05-29 16:53:56,662: Writing Silo output to denovo_forward.silo
INFO       at 2018-05-29 16:53:56,913: Belos Block GMRES converged after 1 iterations.
INFO       at 2018-05-29 16:53:56,913: Forward group  66 finished in    1 Belos Block GMRES iterations.
STATUS     at 2018-05-29 16:53:58,530:             ...finished executing Denovo in 1726.8 seconds
STATUS     at 2018-05-29 16:53:58,530: Reading Denovo solution from disk...
STATUS     at 2018-05-29 16:53:58,709:             ...finished reading Denovo solution from disk
STATUS     at 2018-05-29 16:53:58,709: Mapping MCNP responses onto mesh and groups...
STATUS     at 2018-05-29 16:53:58,709:             ...finished mapping MCNP responses onto mesh and groups
STATUS     at 2018-05-29 16:53:58,710: Calculating adjoint sources for FW-CADIS...
INFO       at 2018-05-29 16:54:23,663: Skipped 23 of 332500 voxels for having too low a response
STATUS     at 2018-05-29 16:54:23,732:             ...finished calculating adjoint sources for FW-CADIS in 25.0 seconds
STATUS     at 2018-05-29 16:54:23,733: Generating Denovo input files...
INFO       at 2018-05-29 16:54:33,358: Restricted group range to [47,66] due to problem mode
STATUS     at 2018-05-29 16:54:33,359: Writing GIP library...
STATUS     at 2018-05-29 16:54:33,680:             ...finished writing GIP library
STATUS     at 2018-05-29 16:54:36,311:             ...finished generating Denovo input files in 12.6 seconds
STATUS     at 2018-05-29 16:54:36,312: Executing Denovo...
INFO       at 2018-05-29 16:54:38,528: Executing Denovo version 5.4
INFO       at 2018-05-29 16:54:39,243: Loaded cross section library with 5 pure materials
INFO       at 2018-05-29 16:54:43,717: Solving for (332500 cells)*(1 discretization point)*(4736 angles)*(20 groups) =~ 3.1e+10 total unknowns on 24 processors
INFO       at 2018-05-29 16:54:43,721: Solution vector has about (332500 cells)*(1 discretization point)*(36 moments)*(20 groups) =~ 2.4e+08 elements
INFO       at 2018-05-29 16:56:43,634: Belos Block GMRES converged after 2 iterations.
INFO       at 2018-05-29 16:56:43,635: Adjoint group  66 finished in    2 Belos Block GMRES iterations.
INFO       at 2018-05-29 16:58:45,873: Belos Block GMRES converged after 2 iterations.
INFO       at 2018-05-29 16:58:45,874: Adjoint group  65 finished in    2 Belos Block GMRES iterations.
INFO       at 2018-05-29 17:01:49,755: Belos Block GMRES converged after 4 iterations.
INFO       at 2018-05-29 17:01:49,756: Adjoint group  64 finished in    4 Belos Block GMRES iterations.
INFO       at 2018-05-29 17:05:21,276: Belos Block GMRES converged after 5 iterations.
INFO       at 2018-05-29 17:05:21,277: Adjoint group  63 finished in    5 Belos Block GMRES iterations.
INFO       at 2018-05-29 17:09:19,703: Belos Block GMRES converged after 6 iterations.
INFO       at 2018-05-29 17:09:19,703: Adjoint group  62 finished in    6 Belos Block GMRES iterations.
INFO       at 2018-05-29 17:12:23,534: Belos Block GMRES converged after 4 iterations.
INFO       at 2018-05-29 17:12:23,535: Adjoint group  61 finished in    4 Belos Block GMRES iterations.
INFO       at 2018-05-29 17:15:00,390: Belos Block GMRES converged after 3 iterations.
INFO       at 2018-05-29 17:15:00,391: Adjoint group  60 finished in    3 Belos Block GMRES iterations.
INFO       at 2018-05-29 17:17:09,938: Belos Block GMRES converged after 2 iterations.
INFO       at 2018-05-29 17:17:09,939: Adjoint group  59 finished in    2 Belos Block GMRES iterations.
INFO       at 2018-05-29 17:19:19,136: Belos Block GMRES converged after 2 iterations.
INFO       at 2018-05-29 17:19:19,136: Adjoint group  58 finished in    2 Belos Block GMRES iterations.
INFO       at 2018-05-29 17:21:28,633: Belos Block GMRES converged after 2 iterations.
INFO       at 2018-05-29 17:21:28,634: Adjoint group  57 finished in    2 Belos Block GMRES iterations.
INFO       at 2018-05-29 17:24:05,013: Belos Block GMRES converged after 3 iterations.
INFO       at 2018-05-29 17:24:05,013: Adjoint group  56 finished in    3 Belos Block GMRES iterations.
INFO       at 2018-05-29 17:26:14,598: Belos Block GMRES converged after 2 iterations.
INFO       at 2018-05-29 17:26:14,599: Adjoint group  55 finished in    2 Belos Block GMRES iterations.
INFO       at 2018-05-29 17:28:24,095: Belos Block GMRES converged after 2 iterations.
INFO       at 2018-05-29 17:28:24,096: Adjoint group  54 finished in    2 Belos Block GMRES iterations.
INFO       at 2018-05-29 17:30:33,593: Belos Block GMRES converged after 2 iterations.
INFO       at 2018-05-29 17:30:33,593: Adjoint group  53 finished in    2 Belos Block GMRES iterations.
INFO       at 2018-05-29 17:32:43,204: Belos Block GMRES converged after 2 iterations.
INFO       at 2018-05-29 17:32:43,205: Adjoint group  52 finished in    2 Belos Block GMRES iterations.
INFO       at 2018-05-29 17:34:25,521: Belos Block GMRES converged after 1 iterations.
INFO       at 2018-05-29 17:34:25,521: Adjoint group  51 finished in    1 Belos Block GMRES iterations.
INFO       at 2018-05-29 17:36:07,837: Belos Block GMRES converged after 1 iterations.
INFO       at 2018-05-29 17:36:07,838: Adjoint group  50 finished in    1 Belos Block GMRES iterations.
INFO       at 2018-05-29 17:37:50,067: Belos Block GMRES converged after 1 iterations.
INFO       at 2018-05-29 17:37:50,067: Adjoint group  49 finished in    1 Belos Block GMRES iterations.
INFO       at 2018-05-29 17:39:32,632: Belos Block GMRES converged after 1 iterations.
INFO       at 2018-05-29 17:39:32,633: Adjoint group  48 finished in    1 Belos Block GMRES iterations.
INFO       at 2018-05-29 17:41:14,698: Writing Silo output to denovo_adjoint.silo
INFO       at 2018-05-29 17:41:14,949: Belos Block GMRES converged after 1 iterations.
INFO       at 2018-05-29 17:41:14,949: Adjoint group  47 finished in    1 Belos Block GMRES iterations.
STATUS     at 2018-05-29 17:41:17,066:             ...finished executing Denovo in 2800.8 seconds
STATUS     at 2018-05-29 17:41:17,066: Reading Denovo solution from disk...
STATUS     at 2018-05-29 17:41:17,297:             ...finished reading Denovo solution from disk
STATUS     at 2018-05-29 17:41:17,309: Sampling MCNP sources to estimate biasing parameters...
INFO       at 2018-05-29 17:41:18,584: Sampled the source 1000000 times
INFO       at 2018-05-29 17:41:18,584: Average number of samples per bin: 25000.00
STATUS     at 2018-05-29 17:41:18,585:             ...finished sampling MCNP sources to estimate biasing parameters in 1.3 seconds
STATUS     at 2018-05-29 17:41:18,602: Writing weight window file...
STATUS     at 2018-05-29 17:41:26,714:             ...finished writing weight window file in 8.1 seconds
